<?xml version="1.0" encoding="UTF-8"?>
<!-- Generated by org.testng.reporters.JUnitXMLReporter -->
<testsuite hostname="saroj-HP" name="Test" tests="21" failures="1" timestamp="3 Mar 2020 18:30:50 GMT" time="149.886" errors="0">
  <testcase name="verifyLoginPageTitleTest" time="2.033" classname="com.tests.CreateAccountPageTest"/>
  <testcase name="createAccountTest" time="8.817" classname="com.tests.CreateAccountPageTest"/>
  <testcase name="verifyAccountTest" time="0.124" classname="com.tests.CreateAccountPageTest"/>
  <testcase name="verifyLoginPageTitleTest" time="2.191" classname="com.tests.LoginPageTest">
    <failure type="java.lang.AssertionError" message="expected [Login - My Store.] but found [Login - My Store]">
      <![CDATA[java.lang.AssertionError: expected [Login - My Store.] but found [Login - My Store]
	at com.tests.LoginPageTest.verifyLoginPageTitleTest(LoginPageTest.java:30)
... Removed 31 stack frames]]>
    </failure>
  </testcase> <!-- verifyLoginPageTitleTest -->
  <testcase name="loginTest" time="3.022" classname="com.tests.LoginPageTest"/>
  <testcase name="verifyLoginTest" time="0.19" classname="com.tests.LoginPageTest"/>
  <testcase name="verifyAccountPageTitleTest" time="0.02" classname="com.tests.LoginPageTest"/>
  <testcase name="verifyLoginTest" time="0.109" classname="com.tests.AddToCartPageTest"/>
  <testcase name="verifyWomenStorePageTitle" time="4.104" classname="com.tests.AddToCartPageTest"/>
  <testcase name="verifyaddProductToCartTest" time="9.912" classname="com.tests.AddToCartPageTest"/>
  <testcase name="navigateToCheckoutPageTest" time="2.79" classname="com.tests.AddToCartPageTest"/>
  <testcase name="verifyaddProductToCartTest" time="16.539" classname="com.tests.CheckoutProcessPageTest"/>
  <testcase name="navigateToCheckoutPageTest" time="5.124" classname="com.tests.CheckoutProcessPageTest"/>
  <testcase name="verifyOrderPageTitleTest" time="0.025" classname="com.tests.CheckoutProcessPageTest"/>
  <testcase name="verifySummaryTab" time="0.318" classname="com.tests.CheckoutProcessPageTest"/>
  <testcase name="checkTermsOfService" time="7.036" classname="com.tests.CheckoutProcessPageTest"/>
  <testcase name="verifyPaymentTab" time="0.372" classname="com.tests.CheckoutProcessPageTest"/>
  <testcase name="paymentProcessTest" time="6.319" classname="com.tests.CheckoutProcessPageTest"/>
  <testcase name="verifyOrderConfirmationPageTitleTest" time="0.029" classname="com.tests.CheckoutProcessPageTest"/>
  <testcase name="verifyorderConfirmationMsgTest" time="0.09" classname="com.tests.CheckoutProcessPageTest"/>
  <testcase name="verifyAmountOrderHistoryTest" time="4.501" classname="com.tests.CheckoutProcessPageTest"/>
</testsuite> <!-- Test -->
