<?xml version="1.0" encoding="UTF-8"?>
<!-- Generated by org.testng.reporters.JUnitXMLReporter -->
<testsuite hostname="saroj-HP" name="Test" tests="25" failures="2" timestamp="5 Apr 2020 05:47:01 GMT" time="153.929" errors="0">
  <testcase name="verifyLoginPageTitleTest" time="2.463" classname="com.tests.CreateAccountPageTest"/>
  <testcase name="createAccountTest" time="8.172" classname="com.tests.CreateAccountPageTest"/>
  <testcase name="verifyAccountTest" time="0.197" classname="com.tests.CreateAccountPageTest">
    <skipped/>
  </testcase> <!-- verifyAccountTest -->
  <testcase name="verifyAccountTest" time="0.126" classname="com.tests.CreateAccountPageTest">
    <skipped/>
  </testcase> <!-- verifyAccountTest -->
  <testcase name="verifyAccountTest" time="0.125" classname="com.tests.CreateAccountPageTest">
    <failure type="java.lang.AssertionError" message="user not matched expected [SidhiPatel] but found [Sidhi Patel]">
      <![CDATA[java.lang.AssertionError: user not matched expected [SidhiPatel] but found [Sidhi Patel]
	at com.tests.CreateAccountPageTest.verifyAccountTest(CreateAccountPageTest.java:41)
... Removed 30 stack frames]]>
    </failure>
  </testcase> <!-- verifyAccountTest -->
  <testcase name="verifyLoginPageTitleTest" time="1.563" classname="com.tests.LoginPageTest">
    <skipped/>
  </testcase> <!-- verifyLoginPageTitleTest -->
  <testcase name="verifyLoginPageTitleTest" time="2.254" classname="com.tests.LoginPageTest">
    <skipped/>
  </testcase> <!-- verifyLoginPageTitleTest -->
  <testcase name="verifyLoginPageTitleTest" time="1.926" classname="com.tests.LoginPageTest">
    <failure type="java.lang.AssertionError" message="expected [Login - My Store.] but found [Login - My Store]">
      <![CDATA[java.lang.AssertionError: expected [Login - My Store.] but found [Login - My Store]
	at com.tests.LoginPageTest.verifyLoginPageTitleTest(LoginPageTest.java:39)
... Removed 31 stack frames]]>
    </failure>
  </testcase> <!-- verifyLoginPageTitleTest -->
  <testcase name="loginTest" time="2.74" classname="com.tests.LoginPageTest"/>
  <testcase name="verifyLoginTest" time="0.129" classname="com.tests.LoginPageTest"/>
  <testcase name="verifyAccountPageTitleTest" time="0.018" classname="com.tests.LoginPageTest"/>
  <testcase name="verifyLoginTest" time="0.139" classname="com.tests.AddToCartPageTest"/>
  <testcase name="verifyWomenStorePageTitle" time="5.885" classname="com.tests.AddToCartPageTest"/>
  <testcase name="verifyaddProductToCartTest" time="9.75" classname="com.tests.AddToCartPageTest"/>
  <testcase name="navigateToCheckoutPageTest" time="2.011" classname="com.tests.AddToCartPageTest"/>
  <testcase name="verifyaddProductToCartTest" time="13.351" classname="com.tests.CheckoutProcessPageTest"/>
  <testcase name="navigateToCheckoutPageTest" time="2.667" classname="com.tests.CheckoutProcessPageTest"/>
  <testcase name="verifyOrderPageTitleTest" time="0.03" classname="com.tests.CheckoutProcessPageTest"/>
  <testcase name="verifySummaryTab" time="0.415" classname="com.tests.CheckoutProcessPageTest"/>
  <testcase name="checkTermsOfService" time="6.067" classname="com.tests.CheckoutProcessPageTest"/>
  <testcase name="verifyPaymentTab" time="0.23" classname="com.tests.CheckoutProcessPageTest"/>
  <testcase name="paymentProcessTest" time="5.898" classname="com.tests.CheckoutProcessPageTest"/>
  <testcase name="verifyOrderConfirmationPageTitleTest" time="0.035" classname="com.tests.CheckoutProcessPageTest"/>
  <testcase name="verifyorderConfirmationMsgTest" time="0.085" classname="com.tests.CheckoutProcessPageTest"/>
  <testcase name="verifyAmountOrderHistoryTest" time="4.319" classname="com.tests.CheckoutProcessPageTest"/>
</testsuite> <!-- Test -->
